1280	1765	1	1	1	2	0
1289	1784	1	1	1	2	1
1349	1901	1	1	1	2	2
1382	1937	1	1	1	2	3
1404	1921	1	0	1	2	4
1417	2051	1	1	1	2	5
1462	2389	1	1	1	2	6
1522	2499	1	1	1	2	7
1559	2494	1	0	1	2	8
1573	2442	1	0	1	2	9
1581	2399	1	0	1	2	10
1631	2550	1	1	1	2	11
1715	2680	1	1	1	2	12
1782	2692	1	1	1	2	13
1835	2625	1	0	1	2	14
1850	2566	1	0	1	2	15
1874	2599	1	1	1	2	16
1860	2608	0	1	1	2	17
1878	2554	1	0	1	2	18
1870	2486	0	0	1	2	19
1873	2421	1	0	1	2	20
1854	2492	0	1	1	2	21
1837	2547	0	1	1	2	22
1820	2530	0	0	1	2	23
1800	2487	0	0	1	2	24
1769	2422	0	0	1	2	25
1748	2421	0	0	1	2	26
1722	2443	0	1	1	2	27
1703	2402	0	0	1	2	28
1669	2344	0	0	1	2	29
1661	2306	0	0	1	2	30
1637	2313	0	1	1	2	31
1627	2307	0	0	1	2	32
1643	2316	1	1	1	2	33
1622	2290	0	0	1	2	34
1619	2249	0	0	1	2	35
1646	2308	1	1	1	2	36
1629	2378	0	1	1	2	37
1602	2375	0	0	1	2	38
1577	2361	0	0	1	2	39
1552	2338	0	0	1	2	40
1545	2358	0	1	1	2	41
1557	2448	1	1	1	2	42
1604	2510	1	1	1	2	43
1663	2488	1	0	1	2	44
1715	2445	1	0	1	2	45
1734	2487	1	1	1	2	46
1784	2568	1	1	1	2	47
1858	2632	1	1	1	2	48
1904	2625	1	0	1	2	49
1939	2571	1	0	1	2	50
1962	2668	1	1	1	2	51
2015	2919	1	1	1	2	52
2046	3000	1	1	1	2	53
2066	2959	1	0	1	2	54
2080	2866	1	0	1	2	55
2155	2822	1	0	1	2	56
2211	2851	1	1	1	2	57
2258	2910	1	1	1	2	58
2244	2891	0	0	1	2	59
2296	2834	1	0	1	2	60
2247	2804	0	0	1	2	61
2266	2873	1	1	1	2	62
2410	2922	1	1	1	2	63
2426	2902	1	0	1	2	64
2367	2865	0	0	1	2	65
2385	2902	1	1	1	2	66
2452	3065	1	1	1	2	67
2523	3188	1	1	1	2	68
2558	3157	1	0	1	2	69
2514	3085	0	0	1	2	70
2504	3049	0	0	1	2	71
2539	3112	1	1	1	2	72
2519	3219	0	1	1	2	73
2500	3218	0	0	1	2	74
2456	3148	0	0	1	2	75
2400	3168	0	1	1	2	76
2469	3203	1	1	1	2	77
2421	3195	0	0	1	2	78
2383	3144	0	0	1	2	79
2311	3088	0	0	1	2	80
2340	3043	1	0	1	2	81
2326	3099	0	1	1	2	82
2337	3072	1	0	1	2	83
2297	2971	0	0	1	2	84
2243	2860	0	0	1	2	85
2222	2800	0	0	1	2	86
2224	2801	0	0	1	2	87
2166	2801	0	0	2	2	88
2172	2761	1	0	1	2	89
2119	2713	0	0	1	2	90
2079	2666	0	0	1	2	91
2039	2715	0	1	1	2	92
2000	2705	0	0	1	2	93
1971	2662	0	0	1	2	94
1926	2589	0	0	1	2	95
1926	2520	0	0	1	2	96
1925	2543	0	1	1	2	97
1897	2596	0	1	1	2	98
1978	2624	1	1	1	2	99
2004	2603	1	0	1	2	100
1991	2656	0	1	1	2	101
1951	2750	0	1	1	2	102
2007	2864	1	1	1	2	103
1973	2842	0	0	1	2	104
1950	2756	0	0	1	2	105
1897	2669	0	0	1	2	106
1847	2593	0	0	1	2	107
1798	2535	0	0	2	2	108
1760	2477	0	0	2	2	109
1726	2418	0	0	2	2	110
1697	2362	0	0	2	2	111
1672	2317	0	0	2	2	112
1701	2343	1	1	1	2	113
1786	2372	1	1	1	2	114
1824	2354	1	0	1	2	115
1825	2297	0	0	1	2	116
1816	2256	0	0	1	2	117
1800	2361	0	1	1	2	118
1778	2427	0	1	1	2	119
1756	2384	0	0	1	2	120
1764	2316	1	0	1	2	121
1751	2242	0	0	1	2	122
1698	2177	0	0	1	2	123
1704	2117	1	0	1	2	124
1655	2058	0	0	1	2	125
1613	2005	0	0	1	2	126
1579	2012	0	1	1	2	127
1544	2015	0	1	1	2	128
1509	2002	0	0	1	2	129
1480	1962	0	0	1	2	130
1454	1910	0	0	1	2	131
1412	1864	0	0	1	2	132
1450	1823	1	0	1	2	133
1456	1779	1	0	1	2	134
1433	1733	0	0	1	2	135
1398	1689	0	0	1	2	136
1366	1649	0	0	1	2	137
1340	1611	0	0	1	2	138
1319	1580	0	0	2	2	139
1303	1550	0	0	2	2	140
1333	1516	1	0	1	2	141
1318	1482	0	0	1	2	142
1305	1450	0	0	1	2	143
1325	1420	1	0	1	2	144
1287	1390	0	0	1	2	145
1245	1361	0	0	1	2	146
1211	1333	0	0	1	2	147
1183	1306	0	0	1	2	148
1160	1280	0	0	2	2	149
1140	1257	0	0	2	2	150
1121	1232	0	0	2	2	151
1106	1209	0	0	2	2	152
1091	1187	0	0	2	2	153
1078	1165	0	0	2	2	154
1065	1146	0	0	2	2	155
1058	1128	0	0	2	2	156
1053	1110	0	0	2	2	157
1048	1094	0	0	2	2	158
1044	1077	0	0	2	2	159
1056	1060	1	0	1	2	160
1095	1044	1	0	1	2	161
1066	1029	0	0	1	2	162
1054	1013	0	0	1	2	163
1050	998	0	0	1	2	164
1021	985	0	0	1	2	165
999	972	0	0	2	2	166
986	959	0	0	2	2	167
974	946	0	0	2	2	168
999	935	1	0	1	2	169
1025	922	1	0	1	2	170
995	911	0	0	1	2	171
969	900	0	0	1	2	172
949	889	0	0	1	2	173
937	879	0	0	1	2	174
929	869	0	0	2	2	175
920	860	0	0	2	2	176
957	850	1	0	1	2	177
951	841	0	0	1	2	178
973	832	1	0	1	2	179
948	824	0	0	1	2	180
919	815	0	0	1	2	181
899	807	0	0	1	2	182
882	800	0	0	1	2	183
871	792	0	0	2	2	184
863	785	0	0	2	2	185
860	778	0	0	2	2	186
867	771	1	0	1	2	187
915	765	1	0	1	2	188
877	758	0	0	1	2	189
921	752	1	0	1	2	190
887	746	0	0	1	2	191
915	740	1	0	1	2	192
881	735	0	0	1	2	193
853	729	0	0	1	2	194
831	723	0	0	1	2	195
812	718	0	0	1	2	196
797	713	0	0	2	2	197
786	707	0	0	2	2	198
777	703	0	0	2	2	199
769	699	0	0	2	2	200
763	693	0	0	2	2	201
757	689	0	0	2	2	202
753	684	0	0	2	2	203
750	680	0	0	2	2	204
746	676	0	0	2	2	205
743	672	0	0	2	2	206
741	667	0	0	2	2	207
738	664	0	0	2	2	208
736	660	0	0	3	2	209
734	655	0	0	3	2	210
733	651	0	0	3	2	211
734	648	0	0	3	2	212
735	644	0	0	3	2	213
736	640	0	0	3	2	214
737	636	0	0	3	2	215
737	633	0	0	3	2	216
741	629	1	0	1	2	217
745	625	1	0	1	2	218
783	622	1	0	1	2	219
799	619	1	0	1	2	220
826	615	1	0	1	2	221
818	613	0	0	1	2	222
786	610	0	0	1	2	223
763	606	0	0	1	2	224
748	603	0	0	1	2	225
736	601	0	0	2	2	226
731	598	0	0	2	2	227
726	594	0	0	2	2	228
724	592	0	0	2	2	229
724	589	0	0	2	2	230
732	586	1	0	1	2	231
767	583	1	0	1	2	232
792	580	1	0	1	2	233
777	577	0	0	1	2	234
756	576	0	0	1	2	235
763	573	1	0	1	2	236
771	570	1	0	1	2	237
744	567	0	0	1	2	238
723	565	0	0	1	2	239
708	563	0	0	1	2	240
696	560	0	0	1	2	241
689	558	0	0	2	2	242
682	556	0	0	2	2	243
677	554	0	0	2	2	244
673	552	0	0	2	2	245
671	550	0	0	2	2	246
672	548	0	0	2	2	247
674	545	0	0	2	2	248
674	543	0	0	2	2	249
677	541	1	0	1	2	250
681	538	1	0	1	2	251
686	538	1	0	1	2	252
697	535	1	0	1	2	253
737	534	1	0	1	2	254
742	532	1	0	1	2	255
754	530	1	0	1	2	256
726	528	0	0	1	2	257
704	526	0	0	1	2	258
686	525	0	0	1	2	259
676	523	0	0	1	2	260
669	522	0	0	2	2	261
668	521	0	0	2	2	262
667	519	0	0	2	2	263
670	518	1	0	1	2	264
672	515	0	0	1	2	265
701	514	1	0	1	2	266
734	513	1	0	1	2	267
758	511	1	0	1	2	268
783	509	1	0	1	2	269
757	508	0	0	1	2	270
808	506	1	0	1	2	271
800	505	0	0	1	2	272
781	504	0	0	1	2	273
771	502	0	0	1	2	274
765	501	0	0	1	2	275
754	500	0	0	2	2	276
748	500	0	0	2	2	277
744	499	0	0	2	2	278
739	497	0	0	2	2	279
733	497	0	0	2	2	280
720	495	0	0	2	2	281
696	494	0	0	2	2	282
675	493	0	0	2	2	283
660	492	0	0	2	2	284
647	491	0	0	2	2	285
638	490	0	0	2	2	286
630	489	0	0	2	2	287
625	488	0	0	3	2	288
621	486	0	0	3	2	289
617	486	0	0	3	2	290
614	485	0	0	3	2	291
612	484	0	0	3	2	292
610	483	0	0	3	2	293
611	482	0	0	3	2	294
609	481	0	0	3	2	295
610	480	0	0	3	2	296
607	479	0	0	3	2	297
605	479	0	0	3	2	298
602	478	0	0	3	2	299
599	476	0	0	3	2	300
597	475	0	0	3	2	301
594	475	0	0	3	2	302
592	474	0	0	3	2	303
590	473	0	0	3	2	304
589	473	0	0	3	2	305
590	472	0	0	3	2	306
590	471	0	0	4	2	307
590	470	0	0	4	2	308
590	469	0	0	4	2	309
591	469	0	0	4	2	310
591	468	0	0	4	2	311
592	468	0	0	4	2	312
593	467	0	0	4	2	313
595	467	0	0	4	2	314
596	466	0	0	4	2	315
597	464	0	0	4	2	316
599	464	0	0	4	2	317
600	464	0	0	4	2	318
602	464	0	0	4	2	319
603	462	0	0	4	2	320
604	461	0	0	4	2	321
606	461	0	0	4	2	322
608	461	0	0	4	2	323
610	460	0	0	4	2	324
612	459	0	0	4	2	325
615	458	1	0	1	2	326
617	457	0	0	1	2	327
619	456	0	0	1	2	328
619	455	0	0	1	2	329
621	455	0	0	1	2	330
622	454	0	0	2	2	331
622	454	0	0	2	2	332
623	453	0	0	2	2	333
622	453	0	0	2	2	334
621	452	0	0	2	2	335
620	452	0	0	2	2	336
619	451	0	0	2	2	337
618	451	0	0	2	2	338
617	449	0	0	2	2	339
617	449	0	0	2	2	340
617	449	0	0	2	2	341
618	448	0	0	2	2	342
620	447	0	0	3	2	343
620	447	0	0	3	2	344
621	446	0	0	3	2	345
621	446	0	0	3	2	346
622	445	0	0	3	2	347
622	445	0	0	3	2	348
622	445	0	0	3	2	349
623	444	0	0	3	2	350
623	444	0	0	3	2	351
623	443	0	0	3	2	352
623	442	0	0	3	2	353
623	442	0	0	3	2	354
622	441	0	0	3	2	355
623	440	0	0	3	2	356
624	440	0	0	3	2	357
625	440	0	0	3	2	358
627	439	0	0	3	2	359
627	439	0	0	3	2	360
629	438	0	0	3	2	361
631	438	0	0	4	2	362
633	438	0	0	4	2	363
633	437	0	0	4	2	364
635	437	0	0	4	2	365
633	437	0	0	4	2	366
631	436	0	0	4	2	367
629	436	0	0	4	2	368
628	435	0	0	4	2	369
627	435	0	0	4	2	370
626	434	0	0	4	2	371
626	434	0	0	4	2	372
624	434	0	0	4	2	373
625	434	0	0	4	2	374
625	434	0	0	4	2	375
624	433	0	0	4	2	376
623	433	0	0	4	2	377
622	432	0	0	4	2	378
623	432	0	0	4	2	379
622	432	0	0	4	2	380
622	432	0	0	4	2	381
621	431	0	0	4	2	382
620	431	0	0	5	2	383
620	430	0	0	5	2	384
620	430	0	0	5	2	385
619	429	0	0	5	2	386
619	429	0	0	5	2	387
619	429	0	0	5	2	388
618	429	0	0	5	2	389
619	429	0	0	5	2	390
618	427	0	0	5	2	391
618	427	0	0	5	2	392
617	427	0	0	5	2	393
616	426	0	0	5	2	394
616	426	0	0	5	2	395
615	425	0	0	5	2	396
614	425	0	0	5	2	397
614	424	0	0	5	2	398
614	425	0	0	5	2	399
612	424	0	0	5	2	400
612	423	0	0	5	2	401
612	424	0	0	5	2	402
610	424	0	0	5	2	403
610	422	0	0	5	2	404
609	422	0	0	5	2	405
608	422	0	0	5	2	406
607	422	0	0	5	2	407
607	422	0	0	5	2	408
606	421	0	0	5	2	409
605	421	0	0	5	2	410
604	421	0	0	5	2	411
602	421	0	0	5	2	412
602	421	0	0	5	2	413
602	420	0	0	5	2	414
602	420	0	0	5	2	415
601	421	0	0	5	2	416
602	421	0	0	5	2	417
601	420	0	0	5	2	418
601	421	0	0	5	2	419
601	420	0	0	5	2	420
601	421	0	0	5	2	421
602	421	0	0	5	2	422
602	421	0	0	5	2	423
603	421	0	0	5	2	424
603	421	0	0	5	2	425
603	421	0	0	5	2	426
603	420	0	0	5	2	427
604	420	0	0	5	2	428
605	420	0	0	5	2	429
604	420	0	0	5	2	430
606	420	0	0	5	2	431
606	420	0	0	5	2	432
607	420	0	0	5	2	433
608	419	0	0	5	2	434
608	420	0	0	5	2	435
609	419	0	0	5	2	436
611	419	0	0	5	2	437
612	419	0	0	5	2	438
613	420	0	0	5	2	439
616	419	1	0	1	2	440
616	418	0	0	1	2	441
618	418	0	0	1	2	442
618	418	0	0	1	2	443
621	419	1	0	1	2	444
624	418	1	0	1	2	445
626	418	0	0	1	2	446
627	418	0	0	1	2	447
628	418	0	0	1	2	448
628	418	0	0	1	2	449
629	417	0	0	2	2	450
630	418	0	0	2	2	451
630	418	0	0	2	2	452
631	418	0	0	2	2	453
631	418	0	0	2	2	454
632	418	0	0	2	2	455
631	417	0	0	2	2	456
632	417	0	0	2	2	457
633	416	0	0	2	2	458
633	416	0	0	2	2	459
634	416	0	0	2	2	460
635	415	0	0	2	2	461
637	415	0	0	3	2	462
637	415	0	0	3	2	463
641	414	1	0	1	2	464
642	413	0	0	1	2	465
643	413	0	0	1	2	466
643	412	0	0	1	2	467
645	413	0	0	1	2	468
645	412	0	0	2	2	469
647	412	0	0	2	2	470
647	412	0	0	2	2	471
646	413	0	0	2	2	472
647	413	0	0	2	2	473
645	412	0	0	2	2	474
646	412	0	0	2	2	475
645	411	0	0	2	2	476
646	411	0	0	2	2	477
646	411	0	0	2	2	478
647	411	0	0	2	2	479
648	411	0	0	2	2	480
649	410	0	0	3	2	481
650	410	0	0	3	2	482
652	409	0	0	3	2	483
652	410	0	0	3	2	484
651	409	0	0	3	2	485
653	409	0	0	3	2	486
652	409	0	0	3	2	487
654	409	0	0	3	2	488
657	409	1	0	1	2	489
659	408	0	0	1	2	490
661	408	0	0	1	2	491
663	407	0	0	1	2	492
666	407	1	0	1	2	493
665	407	0	0	1	2	494
667	406	0	0	1	2	495
671	407	1	0	1	2	496
670	406	0	0	1	2	497
680	406	1	0	1	2	498
674	406	0	0	1	2	499
681	406	1	0	1	2	500
682	406	0	0	1	2	501
683	406	0	0	1	2	502
690	405	1	0	1	2	503
688	405	0	0	1	2	504
692	405	1	0	1	2	505
691	405	0	0	1	2	506
698	405	1	0	1	2	507
697	404	0	0	1	2	508
700	404	1	0	1	2	509
711	403	1	0	1	2	510
710	404	0	0	1	2	511
730	403	1	0	1	2	512
724	403	0	0	1	2	513
703	402	0	0	1	2	514
746	402	1	0	1	2	515
804	402	1	0	1	2	516
847	401	1	0	1	2	517
794	401	0	0	1	2	518
751	401	0	0	1	2	519
733	400	0	0	1	2	520
702	400	0	0	1	2	521
675	400	0	0	2	2	522
660	401	0	0	2	2	523
651	400	0	0	2	2	524
641	400	0	0	2	2	525
628	400	0	0	2	2	526
610	400	0	0	2	2	527
599	399	0	0	2	2	528
592	400	0	0	2	2	529
584	398	0	0	2	2	530
577	398	0	0	2	2	531
570	398	0	0	2	2	532
565	397	0	0	2	2	533
560	397	0	0	3	2	534
556	397	0	0	3	2	535
555	397	0	0	3	2	536
552	396	0	0	3	2	537
546	396	0	0	3	2	538
542	396	0	0	3	2	539
538	396	0	0	3	2	540
536	396	0	0	3	2	541
534	396	0	0	3	2	542
532	395	0	0	3	2	543
530	394	0	0	3	2	544
529	394	0	0	3	2	545
529	393	0	0	3	2	546
528	394	0	0	3	2	547
528	393	0	0	3	2	548
529	393	0	0	3	2	549
530	393	0	0	3	2	550
530	392	0	0	3	2	551
529	391	0	0	3	2	552
529	392	0	0	4	2	553
529	392	0	0	4	2	554
528	391	0	0	4	2	555
528	391	0	0	4	2	556
528	391	0	0	4	2	557
527	391	0	0	4	2	558
526	390	0	0	4	2	559
525	391	0	0	4	2	560
525	390	0	0	4	2	561
525	391	0	0	4	2	562
524	391	0	0	4	2	563
523	390	0	0	4	2	564
523	391	0	0	4	2	565
520	391	0	0	4	2	566
517	391	0	0	4	2	567
515	391	0	0	4	2	568
515	391	0	0	4	2	569
513	390	0	0	4	2	570
512	390	0	0	4	2	571
512	390	0	0	4	2	572
512	390	0	0	4	2	573
512	392	0	0	5	2	574
511	390	0	0	5	2	575
512	390	0	0	5	2	576
510	390	0	0	5	2	577
509	390	0	0	5	2	578
507	389	0	0	5	2	579
506	389	0	0	5	2	580
506	389	0	0	5	2	581
505	388	0	0	5	2	582
506	389	0	0	5	2	583
503	388	0	0	5	2	584
503	388	0	0	5	2	585
502	387	0	0	5	2	586
502	387	0	0	5	2	587
503	387	0	0	5	2	588
503	387	0	0	5	2	589
503	388	0	0	5	2	590
503	387	0	0	5	2	591
505	387	0	0	5	2	592
503	386	0	0	5	2	593
503	386	0	0	5	2	594
503	386	0	0	5	2	595
503	385	0	0	5	2	596
503	386	0	0	5	2	597
502	385	0	0	5	2	598
503	386	0	0	5	2	599
503	386	0	0	5	2	600
504	386	0	0	5	2	601
503	385	0	0	5	2	602
504	386	0	0	5	2	603
504	385	0	0	5	2	604
503	385	0	0	5	2	605
502	385	0	0	5	2	606
501	385	0	0	5	2	607
497	386	0	0	5	2	608
493	386	0	0	5	2	609
492	387	0	0	5	2	610
489	385	0	0	5	2	611
488	385	0	0	5	2	612
486	385	0	0	5	2	613
486	386	0	0	5	2	614
485	386	0	0	5	2	615
485	386	0	0	5	2	616
483	386	0	0	5	2	617
483	385	0	0	5	2	618
484	386	0	0	5	2	619
482	385	0	0	5	2	620
483	385	0	0	5	2	621
482	385	0	0	5	2	622
482	385	0	0	5	2	623
482	385	0	0	5	2	624
482	385	0	0	5	2	625
482	385	0	0	5	2	626
483	385	0	0	5	2	627
484	385	0	0	5	2	628
482	384	0	0	5	2	629
482	384	0	0	5	2	630
483	384	0	0	5	2	631
484	385	0	0	5	2	632
486	384	0	0	5	2	633
487	383	0	0	5	2	634
489	384	0	0	5	2	635
489	384	0	0	5	2	636
490	385	0	0	5	2	637
490	384	0	0	5	2	638
490	383	0	0	5	2	639
490	384	0	0	5	2	640
490	383	0	0	5	2	641
489	383	0	0	5	2	642
490	383	0	0	5	2	643
489	384	0	0	5	2	644
489	383	0	0	5	2	645
489	384	0	0	5	2	646
487	383	0	0	5	2	647
488	383	0	0	5	2	648
487	383	0	0	5	2	649
487	383	0	0	5	2	650
487	383	0	0	5	2	651
486	383	0	0	5	2	652
485	384	0	0	5	2	653
484	385	0	0	5	2	654
483	385	0	0	5	2	655
482	384	0	0	5	2	656
483	385	0	0	5	2	657
482	385	0	0	5	2	658
482	385	0	0	5	2	659
481	385	0	0	5	2	660
481	385	0	0	5	2	661
480	385	0	0	5	2	662
480	385	0	0	5	2	663
479	386	0	0	5	2	664
478	385	0	0	5	2	665
479	385	0	0	5	2	666
478	385	0	0	5	2	667
478	385	0	0	5	2	668
478	385	0	0	5	2	669
477	385	0	0	5	2	670
476	385	0	0	5	2	671
476	385	0	0	5	2	672
475	386	0	0	5	2	673
474	386	0	0	5	2	674
475	386	0	0	5	2	675
472	385	0	0	5	2	676
471	385	0	0	5	2	677
472	386	0	0	5	2	678
471	385	0	0	5	2	679
471	386	0	0	5	2	680
469	386	0	0	5	2	681
469	386	0	0	5	2	682
469	386	0	0	5	2	683
469	388	0	0	5	2	684
468	387	0	0	5	2	685
467	387	0	0	5	2	686
466	387	0	0	5	2	687
466	387	0	0	5	2	688
465	387	0	0	5	2	689
464	388	0	0	5	2	690
465	388	0	0	5	2	691
464	388	0	0	5	2	692
465	388	0	0	5	2	693
464	388	0	0	5	2	694
464	388	0	0	5	2	695
464	388	0	0	5	2	696
464	388	0	0	5	2	697
464	389	0	0	5	2	698
463	389	0	0	5	2	699
464	389	0	0	5	2	700
463	389	0	0	5	2	701
465	390	0	0	5	2	702
463	389	0	0	5	2	703
463	389	0	0	5	2	704
463	389	0	0	5	2	705
462	389	0	0	5	2	706
462	389	0	0	5	2	707
462	389	0	0	5	2	708
462	389	0	0	5	2	709
461	389	0	0	5	2	710
462	389	0	0	5	2	711
460	388	0	0	5	2	712
459	388	0	0	5	2	713
459	388	0	0	5	2	714
459	389	0	0	5	2	715
459	388	0	0	5	2	716
458	388	0	0	5	2	717
459	389	0	0	5	2	718
458	388	0	0	5	2	719
458	388	0	0	5	2	720
456	388	0	0	5	2	721
456	387	0	0	5	2	722
455	387	0	0	5	2	723
452	387	0	0	5	2	724
450	387	0	0	5	2	725
448	387	0	0	5	2	726
448	387	0	0	5	2	727
447	386	0	0	5	2	728
447	387	0	0	5	2	729
447	387	0	0	5	2	730
446	386	0	0	5	2	731
445	385	0	0	5	2	732
445	386	0	0	5	2	733
444	386	0	0	5	2	734
444	385	0	0	5	2	735
444	386	0	0	5	2	736
443	385	0	0	5	2	737
443	386	0	0	5	2	738
442	385	0	0	5	2	739
442	386	0	0	5	2	740
443	386	0	0	5	2	741
443	385	0	0	5	2	742
442	385	0	0	5	2	743
441	386	0	0	5	2	744
441	385	0	0	5	2	745
440	386	0	0	5	2	746
440	386	0	0	5	2	747
437	385	0	0	5	2	748
437	386	0	0	5	2	749
436	385	0	0	5	2	750
436	385	0	0	5	2	751
436	385	0	0	5	2	752
435	385	0	0	5	2	753
435	385	0	0	5	2	754
435	385	0	0	5	2	755
436	385	0	0	5	2	756
436	385	0	0	5	2	757
436	385	0	0	5	2	758
436	385	0	0	5	2	759
435	385	0	0	5	2	760
435	385	0	0	5	2	761
435	385	0	0	5	2	762
435	385	0	0	5	2	763
434	385	0	0	5	2	764
435	386	0	0	5	2	765
434	385	0	0	5	2	766
435	386	0	0	5	2	767
434	386	0	0	5	2	768
435	386	0	0	5	2	769
435	386	0	0	5	2	770
434	386	0	0	5	2	771
435	386	0	0	5	2	772
434	387	0	0	5	2	773
435	386	0	0	5	2	774
433	386	0	0	5	2	775
435	386	0	0	5	2	776
435	386	0	0	5	2	777
434	387	0	0	5	2	778
434	387	0	0	5	2	779
434	387	0	0	5	2	780
434	387	0	0	5	2	781
433	387	0	0	5	2	782
435	387	0	0	5	2	783
434	387	0	0	5	2	784
436	388	0	0	5	2	785
434	387	0	0	5	2	786
434	387	0	0	5	2	787
434	387	0	0	5	2	788
434	388	0	0	5	2	789
434	388	0	0	5	2	790
435	389	0	0	5	2	791
435	389	0	0	5	2	792
435	389	0	0	5	2	793
436	390	0	0	5	2	794
435	388	0	0	5	2	795
435	389	0	0	5	2	796
435	389	0	0	5	2	797
436	389	0	0	5	2	798
437	389	0	0	5	2	799
437	389	0	0	5	2	800
437	391	0	0	5	2	801
437	390	0	0	5	2	802
438	391	0	0	5	2	803
437	391	0	0	5	2	804
438	391	0	0	5	2	805
438	391	0	0	5	2	806
438	391	0	0	5	2	807
438	391	0	0	5	2	808
439	391	0	0	5	2	809
439	391	0	0	5	2	810
439	391	0	0	5	2	811
440	392	0	0	5	2	812
441	391	0	0	5	2	813
442	391	0	0	5	2	814
442	392	0	0	5	2	815
442	392	0	0	5	2	816
443	392	0	0	5	2	817
442	391	0	0	5	2	818
443	392	0	0	5	2	819
444	391	0	0	5	2	820
445	393	0	0	5	2	821
444	391	0	0	5	2	822
445	391	0	0	5	2	823
445	392	0	0	5	2	824
445	391	0	0	5	2	825
445	391	0	0	5	2	826
444	391	0	0	5	2	827
445	392	0	0	5	2	828
445	391	0	0	5	2	829
446	392	0	0	5	2	830
445	390	0	0	5	2	831
441	390	0	0	5	2	832
438	390	0	0	5	2	833
436	390	0	0	5	2	834
434	389	0	0	5	2	835
432	389	0	0	5	2	836
431	390	0	0	5	2	837
430	389	0	0	5	2	838
430	390	0	0	5	2	839
428	388	0	0	5	2	840
428	389	0	0	5	2	841
428	389	0	0	5	2	842
428	389	0	0	5	2	843
427	388	0	0	5	2	844
428	388	0	0	5	2	845
427	389	0	0	5	2	846
428	388	0	0	5	2	847
428	389	0	0	5	2	848
427	388	0	0	5	2	849
427	388	0	0	5	2	850
427	387	0	0	5	2	851
426	387	0	0	5	2	852
427	388	0	0	5	2	853
427	388	0	0	5	2	854
427	388	0	0	5	2	855
426	387	0	0	5	2	856
427	387	0	0	5	2	857
426	386	0	0	5	2	858
427	386	0	0	5	2	859
427	386	0	0	5	2	860
427	386	0	0	5	2	861
427	386	0	0	5	2	862
427	385	0	0	5	2	863
427	385	0	0	5	2	864
426	384	0	0	5	2	865
427	386	0	0	5	2	866
427	385	0	0	5	2	867
428	386	0	0	5	2	868
427	385	0	0	5	2	869
427	385	0	0	5	2	870
427	385	0	0	5	2	871
428	386	0	0	5	2	872
428	386	0	0	5	2	873
427	386	0	0	5	2	874
429	386	0	0	5	2	875
428	385	0	0	5	2	876
429	385	0	0	5	2	877
428	385	0	0	5	2	878
428	384	0	0	5	2	879
428	385	0	0	5	2	880
428	384	0	0	5	2	881
428	384	0	0	5	2	882
427	383	0	0	5	2	883
427	385	0	0	5	2	884
426	383	0	0	5	2	885
427	382	0	0	5	2	886
425	382	0	0	5	2	887
426	382	0	0	5	2	888
426	382	0	0	5	2	889
426	382	0	0	5	2	890
425	381	0	0	5	2	891
425	381	0	0	5	2	892
426	381	0	0	5	2	893
425	381	0	0	5	2	894
425	380	0	0	5	2	895
425	380	0	0	5	2	896
425	380	0	0	5	2	897
424	380	0	0	5	2	898
424	380	0	0	5	2	899
423	379	0	0	5	2	900
422	379	0	0	5	2	901
422	380	0	0	5	2	902
421	379	0	0	5	2	903
421	379	0	0	5	2	904
419	379	0	0	5	2	905
419	378	0	0	5	2	906
420	378	0	0	5	2	907
419	379	0	0	5	2	908
419	378	0	0	5	2	909
419	379	0	0	5	2	910
420	379	0	0	5	2	911
420	379	0	0	5	2	912
421	380	0	0	5	2	913
419	378	0	0	5	2	914
420	378	0	0	5	2	915
420	379	0	0	5	2	916
420	379	0	0	5	2	917
421	379	0	0	5	2	918
421	380	0	0	5	2	919
421	380	0	0	5	2	920
421	380	0	0	5	2	921
422	382	0	0	5	2	922
421	380	0	0	5	2	923
422	381	0	0	5	2	924
422	381	0	0	5	2	925
422	381	0	0	5	2	926
423	382	0	0	5	2	927
422	382	0	0	5	2	928
424	382	0	0	5	2	929
423	382	0	0	5	2	930
425	383	0	0	5	2	931
424	383	0	0	5	2	932
425	383	0	0	5	2	933
425	383	0	0	5	2	934
425	384	0	0	5	2	935
424	384	0	0	5	2	936
424	384	0	0	5	2	937
422	385	0	0	5	2	938
422	384	0	0	5	2	939
422	386	0	0	5	2	940
422	386	0	0	5	2	941
422	386	0	0	5	2	942
423	386	0	0	5	2	943
423	386	0	0	5	2	944
423	386	0	0	5	2	945
423	386	0	0	5	2	946
424	387	0	0	5	2	947
424	387	0	0	5	2	948
427	389	1	0	1	2	949
424	384	0	0	1	2	950
423	385	0	0	1	2	951
422	385	0	0	1	2	952
422	383	0	0	1	2	953
422	384	0	0	2	2	954
424	387	0	1	1	2	955
422	385	0	0	1	2	956
421	385	0	0	1	2	957
421	385	0	0	1	2	958
422	385	0	0	1	2	959
422	385	0	0	2	2	960
424	386	0	0	2	2	961
425	387	0	0	2	2	962
424	386	0	0	2	2	963
425	386	0	0	2	2	964
425	386	0	0	2	2	965
425	385	0	0	2	2	966
426	386	0	0	2	2	967
427	386	0	0	2	2	968
426	385	0	0	2	2	969
426	385	0	0	2	2	970
426	385	0	0	2	2	971
426	385	0	0	3	2	972
427	384	0	0	3	2	973
426	384	0	0	3	2	974
427	384	0	0	3	2	975
429	385	0	0	3	2	976
427	384	0	0	3	2	977
428	383	0	0	3	2	978
428	383	0	0	3	2	979
428	383	0	0	3	2	980
429	382	0	0	3	2	981
429	382	0	0	3	2	982
429	383	0	0	3	2	983
431	383	0	0	3	2	984
433	384	0	0	3	2	985
432	382	0	0	3	2	986
433	383	0	0	3	2	987
433	382	0	0	3	2	988
434	382	0	0	3	2	989
434	382	0	0	3	2	990
434	381	0	0	4	2	991
435	382	0	0	4	2	992
436	381	0	0	4	2	993
435	383	0	0	4	2	994
435	381	0	0	4	2	995
436	382	0	0	4	2	996
435	382	0	0	4	2	997
435	382	0	0	4	2	998
435	381	0	0	4	2	999
435	381	0	0	4	2	1000
436	381	0	0	4	2	1001
436	381	0	0	4	2	1002
437	382	0	0	4	2	1003
437	380	0	0	4	2	1004
438	381	0	0	4	2	1005
437	381	0	0	4	2	1006
437	381	0	0	4	2	1007
438	381	0	0	4	2	1008
438	381	0	0	4	2	1009
438	381	0	0	4	2	1010
439	381	0	0	4	2	1011
439	382	0	0	5	2	1012
439	381	0	0	5	2	1013
440	381	0	0	5	2	1014
439	381	0	0	5	2	1015
441	380	0	0	5	2	1016
441	381	0	0	5	2	1017
441	381	0	0	5	2	1018
442	381	0	0	5	2	1019
443	381	0	0	5	2	1020
443	381	0	0	5	2	1021
443	380	0	0	5	2	1022
444	381	0	0	5	2	1023
443	380	0	0	5	2	1024
441	381	0	0	5	2	1025
439	381	0	0	5	2	1026
437	381	0	0	5	2	1027
436	380	0	0	5	2	1028
435	380	0	0	5	2	1029
436	381	0	0	5	2	1030
435	380	0	0	5	2	1031
437	381	0	0	5	2	1032
435	380	0	0	5	2	1033
436	380	0	0	5	2	1034
436	379	0	0	5	2	1035
437	379	0	0	5	2	1036
438	380	0	0	5	2	1037
439	380	0	0	5	2	1038
441	380	0	0	5	2	1039
442	380	0	0	5	2	1040
446	381	1	0	1	2	1041
442	376	0	0	1	2	1042
443	376	0	0	1	2	1043
443	376	0	0	1	2	1044
444	376	0	0	1	2	1045
444	376	0	0	2	2	1046
448	379	1	1	1	2	1047
452	382	1	1	1	2	1048
452	382	0	0	1	2	1049
454	383	0	0	1	2	1050
453	382	0	0	1	2	1051
454	383	0	0	1	2	1052
453	382	0	0	2	2	1053
451	381	0	0	2	2	1054
451	381	0	0	2	2	1055
450	380	0	0	2	2	1056
451	381	0	0	2	2	1057
451	380	0	0	2	2	1058
452	381	0	0	2	2	1059
451	380	0	0	2	2	1060
451	380	0	0	2	2	1061
451	380	0	0	2	2	1062
451	380	0	0	2	2	1063
450	379	0	0	2	2	1064
452	380	0	0	3	2	1065
452	382	0	0	3	2	1066
452	380	0	0	3	2	1067
453	381	0	0	3	2	1068
452	380	0	0	3	2	1069
453	381	0	0	3	2	1070
452	380	0	0	3	2	1071
452	380	0	0	3	2	1072
452	380	0	0	3	2	1073
453	380	0	0	3	2	1074
453	381	0	0	3	2	1075
454	380	0	0	3	2	1076
454	382	0	0	3	2	1077
454	380	0	0	3	2	1078
454	380	0	0	3	2	1079
453	380	0	0	3	2	1080
450	381	0	0	3	2	1081
447	380	0	0	3	2	1082
446	381	0	0	3	2	1083
446	381	0	0	4	2	1084
445	381	0	0	4	2	1085
446	382	0	0	4	2	1086
447	381	0	0	4	2	1087
450	381	1	0	1	2	1088
449	378	0	0	1	2	1089
450	378	0	0	1	2	1090
450	378	0	0	1	2	1091
451	378	0	0	1	2	1092
452	378	0	0	2	2	1093
455	381	1	1	1	2	1094
461	384	1	1	1	2	1095
460	383	0	0	1	2	1096
461	384	0	0	1	2	1097
461	384	0	0	1	2	1098
461	384	0	0	1	2	1099
459	383	0	0	2	2	1100
454	381	0	0	2	2	1101
453	382	0	0	2	2	1102
452	381	0	0	2	2	1103
452	382	0	0	2	2	1104
450	381	0	0	2	2	1105
451	382	0	0	2	2	1106
451	382	0	0	2	2	1107
451	382	0	0	2	2	1108
451	382	0	0	2	2	1109
450	381	0	0	2	2	1110
449	381	0	0	2	2	1111
450	381	0	0	3	2	1112
451	383	0	0	3	2	1113
451	382	0	0	3	2	1114
451	383	0	0	3	2	1115
451	383	0	0	3	2	1116
452	386	0	1	1	2	1117
449	385	0	0	1	2	1118
450	386	0	0	1	2	1119
451	388	0	0	1	2	1120
451	389	0	0	1	2	1121
453	390	0	0	2	2	1122
456	393	1	1	1	2	1123
458	396	0	1	1	2	1124
449	390	0	0	1	2	1125
450	390	0	0	1	2	1126
454	391	1	0	1	2	1127
462	391	1	0	1	2	1128
472	392	1	0	1	2	1129
482	396	1	1	1	2	1130
498	407	1	1	1	2	1131
506	411	1	1	1	2	1132
515	416	1	1	1	2	1133
519	421	1	1	1	2	1134
523	426	1	1	1	2	1135
527	429	1	1	1	2	1136
530	433	1	1	1	2	1137
534	440	1	1	1	2	1138
538	455	1	1	1	2	1139
543	476	1	1	1	2	1140
546	490	1	1	1	2	1141
553	504	1	1	1	2	1142
559	519	1	1	1	2	1143
569	544	1	1	1	2	1144
580	568	1	1	1	2	1145
592	586	1	1	1	2	1146
611	598	1	1	1	2	1147
635	608	1	1	1	2	1148
668	623	1	1	1	2	1149
699	649	1	1	1	2	1150
733	686	1	1	1	2	1151
768	723	1	1	1	2	1152
811	762	1	1	1	2	1153
859	801	1	1	1	2	1154
908	838	1	1	1	2	1155
947	875	1	1	1	2	1156
976	909	1	1	1	2	1157
1005	939	1	1	1	2	1158
1032	960	1	1	1	2	1159
1061	987	1	1	1	2	1160
1078	1013	1	1	1	2	1161
1092	1046	1	1	1	2	1162
1104	1078	1	1	1	2	1163
1112	1110	1	1	1	2	1164
1119	1136	1	1	1	2	1165
1124	1154	1	1	1	2	1166
1121	1161	0	1	1	2	1167
1092	1139	0	0	1	2	1168
1087	1140	0	0	1	2	1169
1079	1136	0	0	1	2	1170
1074	1132	0	0	1	2	1171
1071	1123	0	0	2	2	1172
1080	1121	1	0	1	2	1173
1063	1093	0	0	1	2	1174
1059	1077	0	0	1	2	1175
1053	1061	0	0	1	2	1176
1046	1045	0	0	1	2	1177
1038	1028	0	0	2	2	1178
1035	1021	0	0	2	2	1179
1022	1004	0	0	2	2	1180
1008	986	0	0	2	2	1181
993	968	0	0	2	2	1182
980	951	0	0	2	2	1183
966	934	0	0	2	2	1184
953	917	0	0	2	2	1185
940	899	0	0	2	2	1186
929	886	0	0	2	2	1187
916	869	0	0	2	2	1188
904	857	0	0	2	2	1189
893	844	0	0	3	2	1190
882	832	0	0	3	2	1191
872	820	0	0	3	2	1192
862	809	0	0	3	2	1193
852	800	0	0	3	2	1194
843	788	0	0	3	2	1195
836	779	0	0	3	2	1196
826	769	0	0	3	2	1197
818	759	0	0	3	2	1198
810	749	0	0	3	2	1199
802	739	0	0	3	2	1200
